<?xml version="1.0" encoding="UTF-8"?>
<!-- Generated by org.testng.reporters.JUnitXMLReporter -->
<testsuite hostname="DESKTOP-CPO8R39" ignored="7" name="Default test" tests="1" failures="0" timestamp="2022-06-01T21:24:43 IST" time="22.277" errors="0">
  <testcase name="verifyNumberOfItemsAfterChoosingSize" time="2.299" classname="com.tests.OfficeTest"/>
  <testcase name="verifyTotalPriceInCart" time="0.0" classname="com.tests.OfficeTest">
    <ignored/>
  </testcase> <!-- verifyTotalPriceInCart -->
  <testcase name="verifyTotalAmountAfterIncreasingQty" time="0.0" classname="com.tests.OfficeTest">
    <ignored/>
  </testcase> <!-- verifyTotalAmountAfterIncreasingQty -->
  <testcase name="verifyNumberOfItemsAfterSettingPriceRange" time="0.0" classname="com.tests.OfficeTest">
    <ignored/>
  </testcase> <!-- verifyNumberOfItemsAfterSettingPriceRange -->
  <testcase name="verifySortingOfProducts" time="0.0" classname="com.tests.OfficeTest">
    <ignored/>
  </testcase> <!-- verifySortingOfProducts -->
  <testcase name="verifyConfirmationMessageAfterRetrievePassword" time="0.0" classname="com.tests.OfficeTest">
    <ignored/>
  </testcase> <!-- verifyConfirmationMessageAfterRetrievePassword -->
  <testcase name="verifyMessageAfterOrderConfirmation" time="0.0" classname="com.tests.OfficeTest">
    <ignored/>
  </testcase> <!-- verifyMessageAfterOrderConfirmation -->
  <testcase name="verifyOrderReferenceForParticularDate" time="0.0" classname="com.tests.OfficeTest">
    <ignored/>
  </testcase> <!-- verifyOrderReferenceForParticularDate -->
</testsuite> <!-- Default test -->
