<?xml version="1.0" encoding="UTF-8"?>
<testng-results skipped="0" failed="0" ignored="7" total="8" passed="1">
  <reporter-output>
  </reporter-output>
  <suite name="Default suite" duration-ms="22277" started-at="2022-06-01T21:24:21 IST" finished-at="2022-06-01T21:24:43 IST">
    <groups>
    </groups>
    <test name="Default test" duration-ms="22277" started-at="2022-06-01T21:24:21 IST" finished-at="2022-06-01T21:24:43 IST">
      <class name="com.tests.OfficeTest">
        <test-method status="PASS" signature="setup()[pri:0, instance:com.tests.OfficeTest@5d11346a]" name="setup" is-config="true" duration-ms="19828" started-at="2022-06-01T21:24:21 IST" finished-at="2022-06-01T21:24:41 IST">
          <reporter-output>
          </reporter-output>
        </test-method> <!-- setup -->
        <test-method status="PASS" signature="verifyNumberOfItemsAfterChoosingSize()[pri:1, instance:com.tests.OfficeTest@5d11346a]" name="verifyNumberOfItemsAfterChoosingSize" duration-ms="2299" started-at="2022-06-01T21:24:41 IST" finished-at="2022-06-01T21:24:43 IST">
          <reporter-output>
          </reporter-output>
        </test-method> <!-- verifyNumberOfItemsAfterChoosingSize -->
        <test-method status="PASS" signature="tearDown()[pri:0, instance:com.tests.OfficeTest@5d11346a]" name="tearDown" is-config="true" duration-ms="101" started-at="2022-06-01T21:24:43 IST" finished-at="2022-06-01T21:24:43 IST">
          <reporter-output>
          </reporter-output>
        </test-method> <!-- tearDown -->
      </class> <!-- com.tests.OfficeTest -->
    </test> <!-- Default test -->
  </suite> <!-- Default suite -->
</testng-results>
